::1 - - [20/Jul/2019:22:03:13 +0000] "DELETE /products/a9ceaad0-ab39-11e9-8e23-db148c4ef834 HTTP/1.1" 404 17 "-" "PostmanRuntime/7.6.0"
::1 - - [21/Jul/2019:10:08:11 +0000] "GET /products HTTP/1.1" 200 549 "-" "PostmanRuntime/7.6.0"
::1 - - [21/Jul/2019:10:08:19 +0000] "GET /products/15a4d130-aae0-11e9-bccc-474d277300b2 HTTP/1.1" 200 136 "-" "PostmanRuntime/7.6.0"
::1 - - [21/Jul/2019:10:09:06 +0000] "POST /products HTTP/1.1" 201 132 "-" "PostmanRuntime/7.6.0"
::1 - - [21/Jul/2019:10:09:21 +0000] "PUT /products/15a4d130-aae0-11e9-bccc-474d277300b2 HTTP/1.1" 200 136 "-" "PostmanRuntime/7.6.0"
::1 - - [21/Jul/2019:10:09:29 +0000] "PUT /products/15a4d130-aae0-11e9-bccc-474d277300b2 HTTP/1.1" 404 17 "-" "PostmanRuntime/7.6.0"
::1 - - [21/Jul/2019:10:09:41 +0000] "GET /products HTTP/1.1" 200 682 "-" "PostmanRuntime/7.6.0"
::1 - - [21/Jul/2019:10:10:07 +0000] "DELETE /products/9327ce40-ab9f-11e9-b51b-312728db3740 HTTP/1.1" 204 - "-" "PostmanRuntime/7.6.0"
::1 - - [21/Jul/2019:10:10:13 +0000] "DELETE /products/9327ce40-ab9f-11e9-b51b-312728db3740 HTTP/1.1" 404 17 "-" "PostmanRuntime/7.6.0"
::1 - - [21/Jul/2019:12:09:58 +0000] "GET /products/15a4d130-aae0-11e9-bccc-474d277300b2 HTTP/1.1" 500 14 "-" "PostmanRuntime/7.6.0"
::1 - - [21/Jul/2019:12:15:45 +0000] "GET /productsUnexpected%20token%20/%20in%20JSON%20at%20position HTTP/1.1" 404 197 "-" "Mozilla/5.0 (Macintosh; Intel Mac OS X 10_14_4) AppleWebKit/537.36 (KHTML, like Gecko) Chrome/75.0.3770.100 Safari/537.36"
::1 - - [21/Jul/2019:12:19:15 +0000] "GET /products HTTP/1.1" 200 549 "-" "PostmanRuntime/7.6.0"
::1 - - [21/Jul/2019:12:19:20 +0000] "GET /products/15a4d130-aae0-11e9-bccc-474d277300b2 HTTP/1.1" 200 136 "-" "PostmanRuntime/7.6.0"
::1 - - [21/Jul/2019:12:19:38 +0000] "POST /products HTTP/1.1" 400 37 "-" "PostmanRuntime/7.6.0"
::1 - - [21/Jul/2019:12:19:48 +0000] "POST /products HTTP/1.1" 400 37 "-" "PostmanRuntime/7.6.0"
::1 - - [21/Jul/2019:12:20:33 +0000] "POST /products HTTP/1.1" 400 37 "-" "PostmanRuntime/7.6.0"
::1 - - [21/Jul/2019:12:21:29 +0000] "POST /products HTTP/1.1" 400 37 "-" "PostmanRuntime/7.6.0"
::1 - - [21/Jul/2019:12:21:34 +0000] "POST /products HTTP/1.1" 400 37 "-" "PostmanRuntime/7.6.0"
::1 - - [21/Jul/2019:12:21:54 +0000] "POST /products HTTP/1.1" 400 37 "-" "PostmanRuntime/7.6.0"
::1 - - [21/Jul/2019:12:22:43 +0000] "POST /products HTTP/1.1" 400 37 "-" "PostmanRuntime/7.6.0"
::1 - - [21/Jul/2019:12:23:22 +0000] "POST /products HTTP/1.1" 400 37 "-" "PostmanRuntime/7.6.0"
::1 - - [21/Jul/2019:12:23:36 +0000] "POST /products HTTP/1.1" 201 132 "-" "PostmanRuntime/7.6.0"
::1 - - [21/Jul/2019:12:23:43 +0000] "GET /products HTTP/1.1" 200 682 "-" "PostmanRuntime/7.6.0"
::1 - - [21/Jul/2019:12:23:46 +0000] "DELETE /products/9327ce40-ab9f-11e9-b51b-312728db3740 HTTP/1.1" 404 17 "-" "PostmanRuntime/7.6.0"
::1 - - [21/Jul/2019:12:24:03 +0000] "DELETE /products/5d4d34a0-abb2-11e9-bd10-e5bf0d53f4d2 HTTP/1.1" 204 - "-" "PostmanRuntime/7.6.0"
